   1               		.file	"wewy.c"
   2               	__SP_H__ = 0x3e
   3               	__SP_L__ = 0x3d
   4               	__SREG__ = 0x3f
   5               	__tmp_reg__ = 0
   6               	__zero_reg__ = 1
   7               		.text
   8               	.Ltext0:
   9               		.cfi_sections	.debug_frame
  10               	.global	aktualny_stan_logiczny_na_wejsciu
  12               	aktualny_stan_logiczny_na_wejsciu:
  13               	.LVL0:
  14               	.LFB5:
  15               		.file 1 "wewy.c"
   1:wewy.c        **** #include "wewy.h"
   2:wewy.c        **** #include "adresyeeprom.h"
   3:wewy.c        **** #include "zapiseeprom.h"
   4:wewy.c        **** #include "eeprom_wrapper.h"
   5:wewy.c        **** 
   6:wewy.c        **** #ifndef TEST_ATMEGA128
   7:wewy.c        **** #include "pin_ATmega328.h"
   8:wewy.c        **** #else
   9:wewy.c        **** #include "pin_ATmega128.h"
  10:wewy.c        **** #endif
  11:wewy.c        **** 
  12:wewy.c        **** uchar licznik_wejscie[LICZBA_WEJSC];
  13:wewy.c        **** 
  14:wewy.c        **** ulong czas_trwania_impulsu_na_wejsciu[LICZBA_WEJSC];
  15:wewy.c        **** ulong czas_trwania_impulsu_off_na_wejsciu[LICZBA_WEJSC];
  16:wewy.c        **** uchar stan_logiczny_na_wejsciu[LICZBA_WEJSC];
  17:wewy.c        **** 
  18:wewy.c        **** ulong czas_trwania_impulsu[LICZBA_WEJSC];
  19:wewy.c        **** ulong czas_trwania_impulsu_off[LICZBA_WEJSC];
  20:wewy.c        **** 
  21:wewy.c        **** uchar licznik_wstrzymanie_alarmow_po_inicjalizacji_100ms;
  22:wewy.c        **** 
  23:wewy.c        **** uchar poprzedni_stan_logiczny_na_wejsciu[LICZBA_WEJSC];
  24:wewy.c        **** 
  25:wewy.c        **** uchar aktualny_stan_logiczny_na_wejsciu(const uchar nr_wej) {
  16               		.loc 1 25 61 view -0
  17               		.cfi_startproc
  18               	/* prologue: function */
  19               	/* frame size = 0 */
  20               	/* stack size = 0 */
  21               	.L__stack_usage = 0
  26:wewy.c        ****   const uchar s = stan_wejscia(nr_wej) != 0;
  22               		.loc 1 26 3 view .LVU1
  23               	.LBB10:
  24               	.LBI10:
  25               		.file 2 "wewy.h"
   1:wewy.h        **** 
   2:wewy.h        **** #include <avr/io.h>
   3:wewy.h        **** #include "narzedzia.h"
   4:wewy.h        **** #include "konfiguracja_eeprom.h"
   5:wewy.h        **** 
   6:wewy.h        **** #define LICZBA_WEJSC	1
   7:wewy.h        **** extern uchar licznik_wejscie[LICZBA_WEJSC];
   8:wewy.h        **** 
   9:wewy.h        **** extern uchar parametry_wejscia[LICZBA_WEJSC];
  10:wewy.h        **** void kopiuj_parametry_we_wy_z_eeprom(void);
  11:wewy.h        **** 
  12:wewy.h        **** extern ulong czas_trwania_impulsu_na_wejsciu[LICZBA_WEJSC];
  13:wewy.h        **** extern ulong czas_trwania_impulsu_off_na_wejsciu[LICZBA_WEJSC];
  14:wewy.h        **** 
  15:wewy.h        **** #define STAN_LOGICZNY_NA_WEJSCIU_WYZWOLENIE	0x02
  16:wewy.h        **** #define STAN_LOGICZNY_NA_WEJSCIU_ON					0x01
  17:wewy.h        **** #define STAN_LOGICZNY_NA_WEJSCIU_OFF				0x00
  18:wewy.h        **** #define CZY_WYZWOLENIE_NA_WEJSCIU(NR_WEJ)	(stan_logiczny_na_wejsciu[NR_WEJ] & STAN_LOGICZNY_NA_WEJS
  19:wewy.h        **** #define CZY_AKTUALNY_STAN_LOGICZNY_ON(NR_WEJ)	(stan_logiczny_na_wejsciu[NR_WEJ] & STAN_LOGICZNY_NA_
  20:wewy.h        **** #define CZY_AKTUALNY_STAN_LOGICZNY_OFF(NR_WEJ)	(!CZY_AKTUALNY_STAN_LOGICZNY_ON(NR_WEJ))
  21:wewy.h        **** 
  22:wewy.h        **** extern uchar stan_logiczny_na_wejsciu[LICZBA_WEJSC];
  23:wewy.h        **** 
  24:wewy.h        **** void steruj_wejscia_10ms(void);
  25:wewy.h        **** void aktualizuj_stan_wyzwolenia_wejsc_100ms(void);
  26:wewy.h        **** void inicjalizuj_parametry_we_wy(void);
  27:wewy.h        **** 
  28:wewy.h        **** static uchar stan_wejscia(const uchar nr_wejscia) __attribute__((unused));
  29:wewy.h        **** 
  30:wewy.h        **** static uchar stan_wejscia(const uchar nr_wejscia)
  26               		.loc 2 30 14 view .LVU2
  27               	.LBB11:
  31:wewy.h        **** {
  32:wewy.h        **** 	return licznik_wejscie[nr_wejscia] & 0xf0;
  28               		.loc 2 32 2 view .LVU3
  29               		.loc 2 32 2 is_stmt 0 view .LVU4
  30               	.LBE11:
  31               	.LBE10:
  27:wewy.c        ****   const uchar par = PARAMETRY_WEJSCIA_TRYB_NORMALNIE_OTWARTY |
  32               		.loc 1 27 3 is_stmt 1 view .LVU5
  28:wewy.c        ****                     PARAMETRY_WEJSCIA_WYZWALANIE_MINUSEM |
  29:wewy.c        ****                     PARAMETRY_WEJSCIA_MASKA_KONTROLOWANIE_WEJSCIA;
  30:wewy.c        ****   if (!((TRYB_WEJSCIA(par) != PARAMETRY_WEJSCIA_TRYB_NORMALNIE_ZAMKNIETY) ^
  33               		.loc 1 30 3 view .LVU6
  31:wewy.c        ****         CZY_WYZWALANIE_PLUSEM(par)))
  32:wewy.c        ****     return s ? STAN_LOGICZNY_NA_WEJSCIU_ON : STAN_LOGICZNY_NA_WEJSCIU_OFF;
  33:wewy.c        ****   else
  34:wewy.c        ****     return s ? STAN_LOGICZNY_NA_WEJSCIU_OFF : STAN_LOGICZNY_NA_WEJSCIU_ON;
  34               		.loc 1 34 5 view .LVU7
  35               	.LBB13:
  36               	.LBB12:
  37               		.loc 2 32 24 is_stmt 0 view .LVU8
  38 0000 E82F      		mov r30,r24
  39 0002 F0E0      		ldi r31,0
  40 0004 E050      		subi r30,lo8(-(licznik_wejscie))
  41 0006 F040      		sbci r31,hi8(-(licznik_wejscie))
  42               		.loc 2 32 37 view .LVU9
  43 0008 9081      		ld r25,Z
  44 000a 907F      		andi r25,lo8(-16)
  45               	.LBE12:
  46               	.LBE13:
  47               		.loc 1 34 45 view .LVU10
  48 000c 81E0      		ldi r24,lo8(1)
  49               	.LVL1:
  50               		.loc 1 34 45 view .LVU11
  51 000e 01F0      		breq .L2
  52 0010 80E0      		ldi r24,0
  53               	.L2:
  54               	/* epilogue start */
  35:wewy.c        **** }
  55               		.loc 1 35 1 view .LVU12
  56 0012 0895      		ret
  57               		.cfi_endproc
  58               	.LFE5:
  60               	.global	aktualizuj_stan_wyzwolenia_wejsc_100ms
  62               	aktualizuj_stan_wyzwolenia_wejsc_100ms:
  63               	.LFB6:
  36:wewy.c        **** 
  37:wewy.c        **** void aktualizuj_stan_wyzwolenia_wejsc_100ms(void) {
  64               		.loc 1 37 51 is_stmt 1 view -0
  65               		.cfi_startproc
  66               	/* prologue: function */
  67               	/* frame size = 0 */
  68               	/* stack size = 0 */
  69               	.L__stack_usage = 0
  38:wewy.c        ****   for (uchar nr_wej = 0; nr_wej < LICZBA_WEJSC; ++nr_wej) {
  70               		.loc 1 38 3 view .LVU14
  71               	.LBB14:
  72               		.loc 1 38 8 view .LVU15
  73               	.LVL2:
  74               		.loc 1 38 26 view .LVU16
  75               	.LBB15:
  39:wewy.c        ****     stan_logiczny_na_wejsciu[nr_wej] &=
  76               		.loc 1 39 5 view .LVU17
  77               		.loc 1 39 38 is_stmt 0 view .LVU18
  78 0014 9091 0000 		lds r25,stan_logiczny_na_wejsciu
  79 0018 892F      		mov r24,r25
  80 001a 8D7F      		andi r24,lo8(-3)
  81 001c 8093 0000 		sts stan_logiczny_na_wejsciu,r24
  40:wewy.c        ****         ~STAN_LOGICZNY_NA_WEJSCIU_WYZWOLENIE; // pozostaje stary stan logiczny
  41:wewy.c        ****     uchar chwilowy_stan_logiczny = aktualny_stan_logiczny_na_wejsciu(nr_wej);
  82               		.loc 1 41 5 is_stmt 1 view .LVU19
  83               	.LVL3:
  84               	.LBB16:
  85               	.LBI16:
  25:wewy.c        ****   const uchar s = stan_wejscia(nr_wej) != 0;
  86               		.loc 1 25 7 view .LVU20
  87               	.LBB17:
  26:wewy.c        ****   const uchar par = PARAMETRY_WEJSCIA_TRYB_NORMALNIE_OTWARTY |
  88               		.loc 1 26 3 view .LVU21
  89               	.LBB18:
  90               	.LBI18:
  30:wewy.h        **** {
  91               		.loc 2 30 14 view .LVU22
  92               	.LBB19:
  93               		.loc 2 32 2 view .LVU23
  94               		.loc 2 32 37 is_stmt 0 view .LVU24
  95 0020 8091 0000 		lds r24,licznik_wejscie
  96 0024 807F      		andi r24,lo8(-16)
  97               	.LVL4:
  98               		.loc 2 32 37 view .LVU25
  99               	.LBE19:
 100               	.LBE18:
  27:wewy.c        ****                     PARAMETRY_WEJSCIA_WYZWALANIE_MINUSEM |
 101               		.loc 1 27 3 is_stmt 1 view .LVU26
  30:wewy.c        ****         CZY_WYZWALANIE_PLUSEM(par)))
 102               		.loc 1 30 3 view .LVU27
  34:wewy.c        **** }
 103               		.loc 1 34 5 view .LVU28
  34:wewy.c        **** }
 104               		.loc 1 34 5 is_stmt 0 view .LVU29
 105               	.LBE17:
 106               	.LBE16:
  42:wewy.c        ****     if (CZY_AKTUALNY_STAN_LOGICZNY_OFF(nr_wej)) {
 107               		.loc 1 42 5 is_stmt 1 view .LVU30
 108               		.loc 1 42 8 is_stmt 0 view .LVU31
 109 0026 90FD      		sbrc r25,0
 110 0028 00C0      		rjmp .L7
  43:wewy.c        ****       if (chwilowy_stan_logiczny == STAN_LOGICZNY_NA_WEJSCIU_ON) {
 111               		.loc 1 43 7 is_stmt 1 view .LVU32
 112               		.loc 1 43 10 is_stmt 0 view .LVU33
 113 002a 8111      		cpse r24,__zero_reg__
 114 002c 00C0      		rjmp .L8
  44:wewy.c        ****         if (czas_trwania_impulsu[nr_wej] <
 115               		.loc 1 44 9 is_stmt 1 view .LVU34
 116               		.loc 1 44 33 is_stmt 0 view .LVU35
 117 002e 8091 0000 		lds r24,czas_trwania_impulsu
 118 0032 9091 0000 		lds r25,czas_trwania_impulsu+1
 119 0036 A091 0000 		lds r26,czas_trwania_impulsu+2
 120 003a B091 0000 		lds r27,czas_trwania_impulsu+3
 121               	.LVL5:
  45:wewy.c        ****             czas_trwania_impulsu_na_wejsciu[nr_wej]) {
 122               		.loc 1 45 44 view .LVU36
 123 003e 4091 0000 		lds r20,czas_trwania_impulsu_na_wejsciu
 124 0042 5091 0000 		lds r21,czas_trwania_impulsu_na_wejsciu+1
 125 0046 6091 0000 		lds r22,czas_trwania_impulsu_na_wejsciu+2
 126 004a 7091 0000 		lds r23,czas_trwania_impulsu_na_wejsciu+3
  44:wewy.c        ****         if (czas_trwania_impulsu[nr_wej] <
 127               		.loc 1 44 12 view .LVU37
 128 004e 8417      		cp r24,r20
 129 0050 9507      		cpc r25,r21
 130 0052 A607      		cpc r26,r22
 131 0054 B707      		cpc r27,r23
 132 0056 00F4      		brsh .L10
  46:wewy.c        ****           if (++czas_trwania_impulsu[nr_wej] ==
 133               		.loc 1 46 11 is_stmt 1 view .LVU38
 134               		.loc 1 46 15 is_stmt 0 view .LVU39
 135 0058 0196      		adiw r24,1
 136 005a A11D      		adc r26,__zero_reg__
 137 005c B11D      		adc r27,__zero_reg__
 138               		.loc 1 46 14 view .LVU40
 139 005e 8093 0000 		sts czas_trwania_impulsu,r24
 140 0062 9093 0000 		sts czas_trwania_impulsu+1,r25
 141 0066 A093 0000 		sts czas_trwania_impulsu+2,r26
 142 006a B093 0000 		sts czas_trwania_impulsu+3,r27
 143 006e 4817      		cp r20,r24
 144 0070 5907      		cpc r21,r25
 145 0072 6A07      		cpc r22,r26
 146 0074 7B07      		cpc r23,r27
 147 0076 01F4      		brne .L10
  47:wewy.c        ****               czas_trwania_impulsu_na_wejsciu[nr_wej])
  48:wewy.c        ****             stan_logiczny_na_wejsciu[nr_wej] = STAN_LOGICZNY_NA_WEJSCIU_ON;
 148               		.loc 1 48 13 is_stmt 1 view .LVU41
 149               		.loc 1 48 46 is_stmt 0 view .LVU42
 150 0078 81E0      		ldi r24,lo8(1)
 151 007a 8093 0000 		sts stan_logiczny_na_wejsciu,r24
 152               	.L10:
  49:wewy.c        ****         }
  50:wewy.c        ****       } else {
  51:wewy.c        ****         czas_trwania_impulsu[nr_wej] = 0; // zaczyna odliczac od nowa, poniewaz
  52:wewy.c        ****                                           // nie byl to zbyt dlugi impuls
  53:wewy.c        ****       }
  54:wewy.c        ****     } else // STAN_LOGICZNY_NA_WEJSCIU_ON
  55:wewy.c        ****     {
  56:wewy.c        ****       if (chwilowy_stan_logiczny == STAN_LOGICZNY_NA_WEJSCIU_OFF) {
  57:wewy.c        ****         if (czas_trwania_impulsu_off[nr_wej] <
  58:wewy.c        ****             czas_trwania_impulsu_off_na_wejsciu[nr_wej]) {
  59:wewy.c        ****           if (++czas_trwania_impulsu_off[nr_wej] ==
  60:wewy.c        ****               czas_trwania_impulsu_off_na_wejsciu[nr_wej])
  61:wewy.c        ****             stan_logiczny_na_wejsciu[nr_wej] = STAN_LOGICZNY_NA_WEJSCIU_OFF;
  62:wewy.c        ****         }
  63:wewy.c        ****       } else {
  64:wewy.c        ****         czas_trwania_impulsu_off[nr_wej] =
  65:wewy.c        ****             0; // zaczyna odliczac od nowa, poniewaz nie byl to zbyt dlugi
  66:wewy.c        ****                // impuls
  67:wewy.c        ****       }
  68:wewy.c        ****     }
  69:wewy.c        ****     if (stan_logiczny_na_wejsciu[nr_wej] !=
 153               		.loc 1 69 5 is_stmt 1 view .LVU43
 154               		.loc 1 69 33 is_stmt 0 view .LVU44
 155 007e 8091 0000 		lds r24,stan_logiczny_na_wejsciu
 156               		.loc 1 69 8 view .LVU45
 157 0082 9091 0000 		lds r25,poprzedni_stan_logiczny_na_wejsciu
 158 0086 8917      		cp r24,r25
 159 0088 01F0      		breq .L13
  70:wewy.c        ****         poprzedni_stan_logiczny_na_wejsciu[nr_wej]) {
  71:wewy.c        ****       poprzedni_stan_logiczny_na_wejsciu[nr_wej] =
 160               		.loc 1 71 7 is_stmt 1 view .LVU46
 161               		.loc 1 71 50 is_stmt 0 view .LVU47
 162 008a 8093 0000 		sts poprzedni_stan_logiczny_na_wejsciu,r24
  72:wewy.c        ****           stan_logiczny_na_wejsciu[nr_wej]; // tutaj nie ma stanu wyzwolenia
  73:wewy.c        ****       stan_logiczny_na_wejsciu[nr_wej] |= STAN_LOGICZNY_NA_WEJSCIU_WYZWOLENIE;
 163               		.loc 1 73 7 is_stmt 1 view .LVU48
 164               		.loc 1 73 40 is_stmt 0 view .LVU49
 165 008e 982F      		mov r25,r24
 166 0090 9260      		ori r25,lo8(2)
 167 0092 9093 0000 		sts stan_logiczny_na_wejsciu,r25
  74:wewy.c        ****       if (CZY_AKTUALNY_STAN_LOGICZNY_OFF(nr_wej))
 168               		.loc 1 74 7 is_stmt 1 view .LVU50
 169               		.loc 1 74 10 is_stmt 0 view .LVU51
 170 0096 80FD      		sbrc r24,0
 171 0098 00C0      		rjmp .L14
  75:wewy.c        ****         czas_trwania_impulsu[nr_wej] = 0;
 172               		.loc 1 75 9 is_stmt 1 view .LVU52
 173               		.loc 1 75 38 is_stmt 0 view .LVU53
 174 009a 1092 0000 		sts czas_trwania_impulsu,__zero_reg__
 175 009e 1092 0000 		sts czas_trwania_impulsu+1,__zero_reg__
 176 00a2 1092 0000 		sts czas_trwania_impulsu+2,__zero_reg__
 177 00a6 1092 0000 		sts czas_trwania_impulsu+3,__zero_reg__
 178               	.L13:
  76:wewy.c        ****       else
  77:wewy.c        ****         czas_trwania_impulsu_off[nr_wej] = 0;
  78:wewy.c        ****     }
  79:wewy.c        ****     if (licznik_wstrzymanie_alarmow_po_inicjalizacji_100ms)
 179               		.loc 1 79 5 is_stmt 1 view .LVU54
 180               		.loc 1 79 9 is_stmt 0 view .LVU55
 181 00aa 8091 0000 		lds r24,licznik_wstrzymanie_alarmow_po_inicjalizacji_100ms
 182               		.loc 1 79 8 view .LVU56
 183 00ae 8823      		tst r24
 184 00b0 01F0      		breq .L6
  80:wewy.c        ****       stan_logiczny_na_wejsciu[nr_wej] &= ~STAN_LOGICZNY_NA_WEJSCIU_WYZWOLENIE;
 185               		.loc 1 80 7 is_stmt 1 view .LVU57
 186               		.loc 1 80 40 is_stmt 0 view .LVU58
 187 00b2 9091 0000 		lds r25,stan_logiczny_na_wejsciu
 188 00b6 9D7F      		andi r25,lo8(-3)
 189 00b8 9093 0000 		sts stan_logiczny_na_wejsciu,r25
 190               	.LVL6:
 191               		.loc 1 80 40 view .LVU59
 192               	.LBE15:
  38:wewy.c        ****     stan_logiczny_na_wejsciu[nr_wej] &=
 193               		.loc 1 38 26 is_stmt 1 view .LVU60
 194               	.LBE14:
  81:wewy.c        ****   }
  82:wewy.c        **** 
  83:wewy.c        ****   if (licznik_wstrzymanie_alarmow_po_inicjalizacji_100ms)
 195               		.loc 1 83 3 view .LVU61
  84:wewy.c        ****     --licznik_wstrzymanie_alarmow_po_inicjalizacji_100ms;
 196               		.loc 1 84 5 view .LVU62
 197 00bc 8150      		subi r24,lo8(-(-1))
 198 00be 8093 0000 		sts licznik_wstrzymanie_alarmow_po_inicjalizacji_100ms,r24
 199               	.LVL7:
 200               	.L6:
 201               	/* epilogue start */
  85:wewy.c        **** }
 202               		.loc 1 85 1 is_stmt 0 view .LVU63
 203 00c2 0895      		ret
 204               	.LVL8:
 205               	.L8:
 206               	.LBB21:
 207               	.LBB20:
  51:wewy.c        ****                                           // nie byl to zbyt dlugi impuls
 208               		.loc 1 51 9 is_stmt 1 view .LVU64
  51:wewy.c        ****                                           // nie byl to zbyt dlugi impuls
 209               		.loc 1 51 38 is_stmt 0 view .LVU65
 210 00c4 1092 0000 		sts czas_trwania_impulsu,__zero_reg__
 211 00c8 1092 0000 		sts czas_trwania_impulsu+1,__zero_reg__
 212 00cc 1092 0000 		sts czas_trwania_impulsu+2,__zero_reg__
 213 00d0 1092 0000 		sts czas_trwania_impulsu+3,__zero_reg__
 214 00d4 00C0      		rjmp .L10
 215               	.L7:
  56:wewy.c        ****         if (czas_trwania_impulsu_off[nr_wej] <
 216               		.loc 1 56 7 is_stmt 1 view .LVU66
  56:wewy.c        ****         if (czas_trwania_impulsu_off[nr_wej] <
 217               		.loc 1 56 10 is_stmt 0 view .LVU67
 218 00d6 8823      		tst r24
 219 00d8 01F0      		breq .L12
  57:wewy.c        ****             czas_trwania_impulsu_off_na_wejsciu[nr_wej]) {
 220               		.loc 1 57 9 is_stmt 1 view .LVU68
  57:wewy.c        ****             czas_trwania_impulsu_off_na_wejsciu[nr_wej]) {
 221               		.loc 1 57 37 is_stmt 0 view .LVU69
 222 00da 8091 0000 		lds r24,czas_trwania_impulsu_off
 223 00de 9091 0000 		lds r25,czas_trwania_impulsu_off+1
 224 00e2 A091 0000 		lds r26,czas_trwania_impulsu_off+2
 225 00e6 B091 0000 		lds r27,czas_trwania_impulsu_off+3
 226               	.LVL9:
  58:wewy.c        ****           if (++czas_trwania_impulsu_off[nr_wej] ==
 227               		.loc 1 58 48 view .LVU70
 228 00ea 4091 0000 		lds r20,czas_trwania_impulsu_off_na_wejsciu
 229 00ee 5091 0000 		lds r21,czas_trwania_impulsu_off_na_wejsciu+1
 230 00f2 6091 0000 		lds r22,czas_trwania_impulsu_off_na_wejsciu+2
 231 00f6 7091 0000 		lds r23,czas_trwania_impulsu_off_na_wejsciu+3
  57:wewy.c        ****             czas_trwania_impulsu_off_na_wejsciu[nr_wej]) {
 232               		.loc 1 57 12 view .LVU71
 233 00fa 8417      		cp r24,r20
 234 00fc 9507      		cpc r25,r21
 235 00fe A607      		cpc r26,r22
 236 0100 B707      		cpc r27,r23
 237 0102 00F0      		brlo .+2
 238 0104 00C0      		rjmp .L10
  59:wewy.c        ****               czas_trwania_impulsu_off_na_wejsciu[nr_wej])
 239               		.loc 1 59 11 is_stmt 1 view .LVU72
  59:wewy.c        ****               czas_trwania_impulsu_off_na_wejsciu[nr_wej])
 240               		.loc 1 59 15 is_stmt 0 view .LVU73
 241 0106 0196      		adiw r24,1
 242 0108 A11D      		adc r26,__zero_reg__
 243 010a B11D      		adc r27,__zero_reg__
  59:wewy.c        ****               czas_trwania_impulsu_off_na_wejsciu[nr_wej])
 244               		.loc 1 59 14 view .LVU74
 245 010c 8093 0000 		sts czas_trwania_impulsu_off,r24
 246 0110 9093 0000 		sts czas_trwania_impulsu_off+1,r25
 247 0114 A093 0000 		sts czas_trwania_impulsu_off+2,r26
 248 0118 B093 0000 		sts czas_trwania_impulsu_off+3,r27
 249 011c 4817      		cp r20,r24
 250 011e 5907      		cpc r21,r25
 251 0120 6A07      		cpc r22,r26
 252 0122 7B07      		cpc r23,r27
 253 0124 01F0      		breq .+2
 254 0126 00C0      		rjmp .L10
  61:wewy.c        ****         }
 255               		.loc 1 61 13 is_stmt 1 view .LVU75
  61:wewy.c        ****         }
 256               		.loc 1 61 46 is_stmt 0 view .LVU76
 257 0128 1092 0000 		sts stan_logiczny_na_wejsciu,__zero_reg__
 258 012c 00C0      		rjmp .L10
 259               	.LVL10:
 260               	.L12:
  64:wewy.c        ****             0; // zaczyna odliczac od nowa, poniewaz nie byl to zbyt dlugi
 261               		.loc 1 64 9 is_stmt 1 view .LVU77
  64:wewy.c        ****             0; // zaczyna odliczac od nowa, poniewaz nie byl to zbyt dlugi
 262               		.loc 1 64 42 is_stmt 0 view .LVU78
 263 012e 1092 0000 		sts czas_trwania_impulsu_off,__zero_reg__
 264 0132 1092 0000 		sts czas_trwania_impulsu_off+1,__zero_reg__
 265 0136 1092 0000 		sts czas_trwania_impulsu_off+2,__zero_reg__
 266 013a 1092 0000 		sts czas_trwania_impulsu_off+3,__zero_reg__
 267 013e 00C0      		rjmp .L10
 268               	.LVL11:
 269               	.L14:
  77:wewy.c        ****     }
 270               		.loc 1 77 9 is_stmt 1 view .LVU79
  77:wewy.c        ****     }
 271               		.loc 1 77 42 is_stmt 0 view .LVU80
 272 0140 1092 0000 		sts czas_trwania_impulsu_off,__zero_reg__
 273 0144 1092 0000 		sts czas_trwania_impulsu_off+1,__zero_reg__
 274 0148 1092 0000 		sts czas_trwania_impulsu_off+2,__zero_reg__
 275 014c 1092 0000 		sts czas_trwania_impulsu_off+3,__zero_reg__
 276 0150 00C0      		rjmp .L13
 277               	.LBE20:
 278               	.LBE21:
 279               		.cfi_endproc
 280               	.LFE6:
 282               	.global	steruj_wejscia_10ms
 284               	steruj_wejscia_10ms:
 285               	.LFB7:
  86:wewy.c        **** 
  87:wewy.c        **** void steruj_wejscia_10ms(void) {
 286               		.loc 1 87 32 is_stmt 1 view -0
 287               		.cfi_startproc
 288               	/* prologue: function */
 289               	/* frame size = 0 */
 290               	/* stack size = 0 */
 291               	.L__stack_usage = 0
  88:wewy.c        **** #define TEST_LICZNIKA_WEJSCIA(NR_WEJSCIA)                                      \
  89:wewy.c        ****   licznik = licznik_wejscie[NR_WEJSCIA - 1];                                   \
  90:wewy.c        ****   if (!STAN_WEJSCIE_##NR_WEJSCIA())                                            \
  91:wewy.c        ****     licznik >>= 1;                                                             \
  92:wewy.c        ****   licznik |= 0x01;                                                             \
  93:wewy.c        ****   if (STAN_WEJSCIE_##NR_WEJSCIA())                                             \
  94:wewy.c        ****     licznik <<= 1;                                                             \
  95:wewy.c        ****   licznik_wejscie[NR_WEJSCIA - 1] = licznik;
  96:wewy.c        **** 
  97:wewy.c        ****   uchar licznik;
 292               		.loc 1 97 3 view .LVU82
  98:wewy.c        ****   TEST_LICZNIKA_WEJSCIA(1);
 293               		.loc 1 98 3 view .LVU83
 294 0152 8091 0000 		lds r24,licznik_wejscie
 295               	.LVL12:
 296               		.loc 1 98 3 view .LVU84
 297 0156 189B      		sbis 0x3,0
 298               		.loc 1 98 3 discriminator 1 view .LVU85
 299 0158 8695      		lsr r24
 300               	.LVL13:
 301               	.L20:
 302               		.loc 1 98 3 discriminator 3 view .LVU86
 303 015a 8160      		ori r24,lo8(1)
 304               	.LVL14:
 305               		.loc 1 98 3 discriminator 3 view .LVU87
 306 015c 1899      		sbic 0x3,0
 307               		.loc 1 98 3 discriminator 4 view .LVU88
 308 015e 880F      		lsl r24
 309               	.LVL15:
 310               	.L21:
 311               		.loc 1 98 3 discriminator 6 view .LVU89
 312 0160 8093 0000 		sts licznik_wejscie,r24
 313               		.loc 1 98 27 discriminator 6 view .LVU90
 314               	/* epilogue start */
  99:wewy.c        **** }
 315               		.loc 1 99 1 is_stmt 0 discriminator 6 view .LVU91
 316 0164 0895      		ret
 317               		.cfi_endproc
 318               	.LFE7:
 320               	.global	steruj_wyjscia_100ms
 322               	steruj_wyjscia_100ms:
 323               	.LFB8:
 100:wewy.c        **** 
 101:wewy.c        **** ulong licznik_przelacznik_wyjscia[LICZBA_WYJSC];
 102:wewy.c        **** 
 103:wewy.c        **** uchar stan_wyjscie[LICZBA_WYJSC];
 104:wewy.c        **** 
 105:wewy.c        **** // Licznik cykli przekaźnika (zdefiniowany w main.c)
 106:wewy.c        **** extern uint32_t licznik_cykli_przekaznika;
 107:wewy.c        **** static uchar poprzedni_stan_wyjscia_0 = 0;
 108:wewy.c        **** 
 109:wewy.c        **** void steruj_wyjscia_100ms(void) {
 324               		.loc 1 109 33 is_stmt 1 view -0
 325               		.cfi_startproc
 326 0166 CF92      		push r12
 327               	.LCFI0:
 328               		.cfi_def_cfa_offset 3
 329               		.cfi_offset 12, -2
 330 0168 DF92      		push r13
 331               	.LCFI1:
 332               		.cfi_def_cfa_offset 4
 333               		.cfi_offset 13, -3
 334 016a EF92      		push r14
 335               	.LCFI2:
 336               		.cfi_def_cfa_offset 5
 337               		.cfi_offset 14, -4
 338 016c FF92      		push r15
 339               	.LCFI3:
 340               		.cfi_def_cfa_offset 6
 341               		.cfi_offset 15, -5
 342               	/* prologue: function */
 343               	/* frame size = 0 */
 344               	/* stack size = 4 */
 345               	.L__stack_usage = 4
 110:wewy.c        ****   for (uchar i = 0; i < LICZBA_WYJSC; ++i) {
 346               		.loc 1 110 3 view .LVU93
 347               	.LBB22:
 348               		.loc 1 110 8 view .LVU94
 349               	.LVL16:
 350               		.loc 1 110 21 view .LVU95
 111:wewy.c        ****     if (licznik_przelacznik_wyjscia[i] != 0) {
 351               		.loc 1 111 5 view .LVU96
 352               		.loc 1 111 36 is_stmt 0 view .LVU97
 353 016e 8091 0000 		lds r24,licznik_przelacznik_wyjscia
 354 0172 9091 0000 		lds r25,licznik_przelacznik_wyjscia+1
 355 0176 A091 0000 		lds r26,licznik_przelacznik_wyjscia+2
 356 017a B091 0000 		lds r27,licznik_przelacznik_wyjscia+3
 357 017e 2091 0000 		lds r18,stan_wyjscie
 358               		.loc 1 111 8 view .LVU98
 359 0182 0097      		sbiw r24,0
 360 0184 A105      		cpc r26,__zero_reg__
 361 0186 B105      		cpc r27,__zero_reg__
 362 0188 01F0      		breq .L27
 112:wewy.c        ****       if (--licznik_przelacznik_wyjscia[i] == 0)
 363               		.loc 1 112 7 is_stmt 1 view .LVU99
 364               		.loc 1 112 11 is_stmt 0 view .LVU100
 365 018a 0197      		sbiw r24,1
 366 018c A109      		sbc r26,__zero_reg__
 367 018e B109      		sbc r27,__zero_reg__
 368               		.loc 1 112 10 view .LVU101
 369 0190 8093 0000 		sts licznik_przelacznik_wyjscia,r24
 370 0194 9093 0000 		sts licznik_przelacznik_wyjscia+1,r25
 371 0198 A093 0000 		sts licznik_przelacznik_wyjscia+2,r26
 372 019c B093 0000 		sts licznik_przelacznik_wyjscia+3,r27
 373 01a0 892B      		or r24,r25
 374 01a2 8A2B      		or r24,r26
 375 01a4 8B2B      		or r24,r27
 376 01a6 01F4      		brne .L27
 113:wewy.c        ****         stan_wyjscie[i] = not stan_wyjscie[i];
 377               		.loc 1 113 9 is_stmt 1 view .LVU102
 378               		.loc 1 113 27 is_stmt 0 view .LVU103
 379 01a8 81E0      		ldi r24,lo8(1)
 380 01aa 2111      		cpse r18,__zero_reg__
 381 01ac 80E0      		ldi r24,0
 382               	.L29:
 383               		.loc 1 113 25 view .LVU104
 384 01ae 8093 0000 		sts stan_wyjscie,r24
 385               	.LVL17:
 110:wewy.c        ****     if (licznik_przelacznik_wyjscia[i] != 0) {
 386               		.loc 1 110 21 is_stmt 1 view .LVU105
 387               	.L27:
 110:wewy.c        ****     if (licznik_przelacznik_wyjscia[i] != 0) {
 388               		.loc 1 110 21 is_stmt 0 view .LVU106
 389               	.LBE22:
 114:wewy.c        ****     }
 115:wewy.c        ****   }
 116:wewy.c        **** 
 117:wewy.c        ****   // Cycle counting logic (Rising Edge)
 118:wewy.c        ****   if (stan_wyjscie[0] && !poprzedni_stan_wyjscia_0) {
 390               		.loc 1 118 3 is_stmt 1 view .LVU107
 391               		.loc 1 118 6 is_stmt 0 view .LVU108
 392 01b2 8091 0000 		lds r24,stan_wyjscie
 393 01b6 8823      		tst r24
 394 01b8 01F4      		brne .+2
 395 01ba 00C0      		rjmp .L31
 396               		.loc 1 118 23 discriminator 1 view .LVU109
 397 01bc 8091 0000 		lds r24,poprzedni_stan_wyjscia_0
 398 01c0 8111      		cpse r24,__zero_reg__
 399 01c2 00C0      		rjmp .L31
 119:wewy.c        ****     if (licznik_cykli_przekaznika < 4294967295UL) {
 400               		.loc 1 119 5 is_stmt 1 view .LVU110
 401               		.loc 1 119 35 is_stmt 0 view .LVU111
 402 01c4 C090 0000 		lds r12,licznik_cykli_przekaznika
 403 01c8 D090 0000 		lds r13,licznik_cykli_przekaznika+1
 404 01cc E090 0000 		lds r14,licznik_cykli_przekaznika+2
 405 01d0 F090 0000 		lds r15,licznik_cykli_przekaznika+3
 406               		.loc 1 119 8 view .LVU112
 407 01d4 2FEF      		ldi r18,-1
 408 01d6 C216      		cp r12,r18
 409 01d8 D206      		cpc r13,r18
 410 01da E206      		cpc r14,r18
 411 01dc F206      		cpc r15,r18
 412 01de 01F0      		breq .L31
 120:wewy.c        ****       licznik_cykli_przekaznika++;
 413               		.loc 1 120 7 is_stmt 1 view .LVU113
 414               		.loc 1 120 32 is_stmt 0 view .LVU114
 415 01e0 8FEF      		ldi r24,-1
 416 01e2 C81A      		sub r12,r24
 417 01e4 D80A      		sbc r13,r24
 418 01e6 E80A      		sbc r14,r24
 419 01e8 F80A      		sbc r15,r24
 420 01ea C092 0000 		sts licznik_cykli_przekaznika,r12
 421 01ee D092 0000 		sts licznik_cykli_przekaznika+1,r13
 422 01f2 E092 0000 		sts licznik_cykli_przekaznika+2,r14
 423 01f6 F092 0000 		sts licznik_cykli_przekaznika+3,r15
 121:wewy.c        ****       // Save to EEPROM every 10 cycles to reduce wear
 122:wewy.c        ****       if ((licznik_cykli_przekaznika % 10) == 0) {
 424               		.loc 1 122 7 is_stmt 1 view .LVU115
 425               		.loc 1 122 38 is_stmt 0 view .LVU116
 426 01fa C701      		movw r24,r14
 427 01fc B601      		movw r22,r12
 428 01fe 2AE0      		ldi r18,lo8(10)
 429 0200 30E0      		ldi r19,0
 430 0202 40E0      		ldi r20,0
 431 0204 50E0      		ldi r21,0
 432 0206 0E94 0000 		call __udivmodsi4
 433               		.loc 1 122 10 view .LVU117
 434 020a 672B      		or r22,r23
 435 020c 682B      		or r22,r24
 436 020e 692B      		or r22,r25
 437 0210 01F4      		brne .L31
 123:wewy.c        ****         zapisz_znak_w_eeprom((uchar)(licznik_cykli_przekaznika & 0xFF),
 438               		.loc 1 123 9 is_stmt 1 view .LVU118
 439 0212 64EE      		ldi r22,lo8(-28)
 440 0214 70E3      		ldi r23,lo8(48)
 441 0216 8C2D      		mov r24,r12
 442 0218 0E94 0000 		call zapisz_znak_w_eeprom
 443               	.LVL18:
 124:wewy.c        ****                              ADRES_EEPROM_LICZNIK_CYKLI);
 125:wewy.c        ****         zapisz_znak_w_eeprom((uchar)((licznik_cykli_przekaznika >> 8) & 0xFF),
 444               		.loc 1 125 9 view .LVU119
 445 021c 65EE      		ldi r22,lo8(-27)
 446 021e 70E3      		ldi r23,lo8(48)
 447 0220 8091 0000 		lds r24,licznik_cykli_przekaznika+1
 448 0224 0E94 0000 		call zapisz_znak_w_eeprom
 449               	.LVL19:
 126:wewy.c        ****                              ADRES_EEPROM_LICZNIK_CYKLI + 1);
 127:wewy.c        ****         zapisz_znak_w_eeprom((uchar)((licznik_cykli_przekaznika >> 16) & 0xFF),
 450               		.loc 1 127 9 view .LVU120
 451 0228 66EE      		ldi r22,lo8(-26)
 452 022a 70E3      		ldi r23,lo8(48)
 453 022c 8091 0000 		lds r24,licznik_cykli_przekaznika+2
 454 0230 0E94 0000 		call zapisz_znak_w_eeprom
 455               	.LVL20:
 128:wewy.c        ****                              ADRES_EEPROM_LICZNIK_CYKLI + 2);
 129:wewy.c        ****         zapisz_znak_w_eeprom((uchar)((licznik_cykli_przekaznika >> 24) & 0xFF),
 456               		.loc 1 129 9 view .LVU121
 457 0234 67EE      		ldi r22,lo8(-25)
 458 0236 70E3      		ldi r23,lo8(48)
 459 0238 8091 0000 		lds r24,licznik_cykli_przekaznika+3
 460 023c 0E94 0000 		call zapisz_znak_w_eeprom
 461               	.LVL21:
 462               	.L31:
 130:wewy.c        ****                              ADRES_EEPROM_LICZNIK_CYKLI + 3);
 131:wewy.c        ****       }
 132:wewy.c        ****     }
 133:wewy.c        ****   }
 134:wewy.c        ****   poprzedni_stan_wyjscia_0 = stan_wyjscie[0];
 463               		.loc 1 134 3 view .LVU122
 464               		.loc 1 134 42 is_stmt 0 view .LVU123
 465 0240 8091 0000 		lds r24,stan_wyjscie
 466               		.loc 1 134 28 view .LVU124
 467 0244 8093 0000 		sts poprzedni_stan_wyjscia_0,r24
 135:wewy.c        **** 
 136:wewy.c        ****   // Blokada serwisowa po przekroczeniu 500,000 cykli
 137:wewy.c        ****   if (stan_wyjscie[0]) {
 468               		.loc 1 137 3 is_stmt 1 view .LVU125
 469               		.loc 1 137 6 is_stmt 0 view .LVU126
 470 0248 8823      		tst r24
 471 024a 01F0      		breq .L33
 138:wewy.c        ****     if (licznik_cykli_przekaznika >= 500000) {
 472               		.loc 1 138 5 is_stmt 1 view .LVU127
 473               		.loc 1 138 8 is_stmt 0 view .LVU128
 474 024c 8091 0000 		lds r24,licznik_cykli_przekaznika
 475 0250 9091 0000 		lds r25,licznik_cykli_przekaznika+1
 476 0254 A091 0000 		lds r26,licznik_cykli_przekaznika+2
 477 0258 B091 0000 		lds r27,licznik_cykli_przekaznika+3
 478 025c 8032      		cpi r24,32
 479 025e 914A      		sbci r25,-95
 480 0260 A740      		sbci r26,7
 481 0262 B105      		cpc r27,__zero_reg__
 482 0264 00F0      		brlo .L34
 483               	.L33:
 139:wewy.c        ****       WYLACZ_OUT0(); // Service Lock
 140:wewy.c        ****     } else {
 141:wewy.c        ****       WLACZ_OUT0();
 142:wewy.c        ****     }
 143:wewy.c        ****   } else {
 144:wewy.c        ****     WYLACZ_OUT0();
 484               		.loc 1 144 5 is_stmt 1 view .LVU129
 485 0266 5D98      		cbi 0xb,5
 145:wewy.c        ****   }
 146:wewy.c        **** }
 486               		.loc 1 146 1 is_stmt 0 view .LVU130
 487 0268 00C0      		rjmp .L25
 488               	.L34:
 141:wewy.c        ****     }
 489               		.loc 1 141 7 is_stmt 1 view .LVU131
 490 026a 5D9A      		sbi 0xb,5
 491               	.L25:
 492               	/* epilogue start */
 493               		.loc 1 146 1 is_stmt 0 view .LVU132
 494 026c FF90      		pop r15
 495 026e EF90      		pop r14
 496 0270 DF90      		pop r13
 497 0272 CF90      		pop r12
 498 0274 0895      		ret
 499               		.cfi_endproc
 500               	.LFE8:
 502               	.global	kopiuj_parametry_we_wy_z_eeprom
 504               	kopiuj_parametry_we_wy_z_eeprom:
 505               	.LFB9:
 147:wewy.c        **** 
 148:wewy.c        **** void kopiuj_parametry_we_wy_z_eeprom(void) {
 506               		.loc 1 148 44 is_stmt 1 view -0
 507               		.cfi_startproc
 508               	/* prologue: function */
 509               	/* frame size = 0 */
 510               	/* stack size = 0 */
 511               	.L__stack_usage = 0
 149:wewy.c        ****   czas_trwania_impulsu_na_wejsciu[0] = czas_trwania_impulsu_off_na_wejsciu[0] =
 512               		.loc 1 149 3 view .LVU134
 513               		.loc 1 149 79 is_stmt 0 view .LVU135
 514 0276 84E1      		ldi r24,lo8(20)
 515 0278 90E0      		ldi r25,0
 516 027a A0E0      		ldi r26,0
 517 027c B0E0      		ldi r27,0
 518 027e 8093 0000 		sts czas_trwania_impulsu_off_na_wejsciu,r24
 519 0282 9093 0000 		sts czas_trwania_impulsu_off_na_wejsciu+1,r25
 520 0286 A093 0000 		sts czas_trwania_impulsu_off_na_wejsciu+2,r26
 521 028a B093 0000 		sts czas_trwania_impulsu_off_na_wejsciu+3,r27
 522               		.loc 1 149 38 view .LVU136
 523 028e 8093 0000 		sts czas_trwania_impulsu_na_wejsciu,r24
 524 0292 9093 0000 		sts czas_trwania_impulsu_na_wejsciu+1,r25
 525 0296 A093 0000 		sts czas_trwania_impulsu_na_wejsciu+2,r26
 526 029a B093 0000 		sts czas_trwania_impulsu_na_wejsciu+3,r27
 150:wewy.c        ****       20;
 151:wewy.c        **** 
 152:wewy.c        ****   // Odczyt licznika cykli
 153:wewy.c        ****   licznik_cykli_przekaznika =
 527               		.loc 1 153 3 is_stmt 1 view .LVU137
 154:wewy.c        ****       eeprom_read_dword((uint32_t *)ADRES_EEPROM_LICZNIK_CYKLI);
 528               		.loc 1 154 7 is_stmt 0 view .LVU138
 529 029e 84EE      		ldi r24,lo8(-28)
 530 02a0 90E3      		ldi r25,lo8(48)
 531 02a2 0E94 0000 		call eeprom_read_dword
 532               	.LVL22:
 155:wewy.c        ****   if (licznik_cykli_przekaznika == 0xFFFFFFFF) {
 533               		.loc 1 155 3 is_stmt 1 view .LVU139
 534               		.loc 1 155 6 is_stmt 0 view .LVU140
 535 02a6 6F3F      		cpi r22,-1
 536 02a8 2FEF      		ldi r18,-1
 537 02aa 7207      		cpc r23,r18
 538 02ac 8207      		cpc r24,r18
 539 02ae 9207      		cpc r25,r18
 540 02b0 01F0      		breq .L43
 153:wewy.c        ****       eeprom_read_dword((uint32_t *)ADRES_EEPROM_LICZNIK_CYKLI);
 541               		.loc 1 153 29 view .LVU141
 542 02b2 6093 0000 		sts licznik_cykli_przekaznika,r22
 543 02b6 7093 0000 		sts licznik_cykli_przekaznika+1,r23
 544 02ba 8093 0000 		sts licznik_cykli_przekaznika+2,r24
 545 02be 9093 0000 		sts licznik_cykli_przekaznika+3,r25
 546 02c2 0895      		ret
 547               	.L43:
 156:wewy.c        ****     licznik_cykli_przekaznika = 0;
 548               		.loc 1 156 5 is_stmt 1 view .LVU142
 549               		.loc 1 156 31 is_stmt 0 view .LVU143
 550 02c4 1092 0000 		sts licznik_cykli_przekaznika,__zero_reg__
 551 02c8 1092 0000 		sts licznik_cykli_przekaznika+1,__zero_reg__
 552 02cc 1092 0000 		sts licznik_cykli_przekaznika+2,__zero_reg__
 553 02d0 1092 0000 		sts licznik_cykli_przekaznika+3,__zero_reg__
 554               	/* epilogue start */
 157:wewy.c        ****   }
 158:wewy.c        **** }
 555               		.loc 1 158 1 view .LVU144
 556 02d4 0895      		ret
 557               		.cfi_endproc
 558               	.LFE9:
 560               	.global	inicjalizuj_parametry_we_wy
 562               	inicjalizuj_parametry_we_wy:
 563               	.LFB10:
 159:wewy.c        **** 
 160:wewy.c        **** void inicjalizuj_parametry_we_wy(void) {
 564               		.loc 1 160 40 is_stmt 1 view -0
 565               		.cfi_startproc
 566               	/* prologue: function */
 567               	/* frame size = 0 */
 568               	/* stack size = 0 */
 569               	.L__stack_usage = 0
 161:wewy.c        ****   for (uchar i = 0; i < LICZBA_WEJSC; ++i)
 570               		.loc 1 161 3 view .LVU146
 571               	.LBB23:
 572               		.loc 1 161 8 view .LVU147
 573               	.LVL23:
 574               		.loc 1 161 21 view .LVU148
 162:wewy.c        ****     poprzedni_stan_logiczny_na_wejsciu[i] = 0;
 575               		.loc 1 162 5 view .LVU149
 576               		.loc 1 162 43 is_stmt 0 view .LVU150
 577 02d6 1092 0000 		sts poprzedni_stan_logiczny_na_wejsciu,__zero_reg__
 161:wewy.c        ****   for (uchar i = 0; i < LICZBA_WEJSC; ++i)
 578               		.loc 1 161 39 is_stmt 1 view .LVU151
 579               	.LVL24:
 161:wewy.c        ****   for (uchar i = 0; i < LICZBA_WEJSC; ++i)
 580               		.loc 1 161 21 view .LVU152
 161:wewy.c        ****   for (uchar i = 0; i < LICZBA_WEJSC; ++i)
 581               		.loc 1 161 21 is_stmt 0 view .LVU153
 582               	.LBE23:
 583               	.LBB24:
 163:wewy.c        ****   for (uchar i = 0; i < LICZBA_WYJSC; ++i)
 584               		.loc 1 163 21 is_stmt 1 view .LVU154
 164:wewy.c        ****     licznik_przelacznik_wyjscia[i] = 0;
 585               		.loc 1 164 5 view .LVU155
 586               		.loc 1 164 36 is_stmt 0 view .LVU156
 587 02da 1092 0000 		sts licznik_przelacznik_wyjscia,__zero_reg__
 588 02de 1092 0000 		sts licznik_przelacznik_wyjscia+1,__zero_reg__
 589 02e2 1092 0000 		sts licznik_przelacznik_wyjscia+2,__zero_reg__
 590 02e6 1092 0000 		sts licznik_przelacznik_wyjscia+3,__zero_reg__
 163:wewy.c        ****   for (uchar i = 0; i < LICZBA_WYJSC; ++i)
 591               		.loc 1 163 39 is_stmt 1 view .LVU157
 592               	.LVL25:
 163:wewy.c        ****   for (uchar i = 0; i < LICZBA_WYJSC; ++i)
 593               		.loc 1 163 21 view .LVU158
 594               	.LBE24:
 165:wewy.c        ****   licznik_wstrzymanie_alarmow_po_inicjalizacji_100ms = 30;
 595               		.loc 1 165 3 view .LVU159
 596               		.loc 1 165 54 is_stmt 0 view .LVU160
 597 02ea 8EE1      		ldi r24,lo8(30)
 598 02ec 8093 0000 		sts licznik_wstrzymanie_alarmow_po_inicjalizacji_100ms,r24
 599               	/* epilogue start */
 166:wewy.c        **** }
 600               		.loc 1 166 1 view .LVU161
 601 02f0 0895      		ret
 602               		.cfi_endproc
 603               	.LFE10:
 605               		.local	poprzedni_stan_wyjscia_0
 606               		.comm	poprzedni_stan_wyjscia_0,1,1
 607               		.comm	licznik_przelacznik_wyjscia,4,1
 608               		.comm	poprzedni_stan_logiczny_na_wejsciu,1,1
 609               		.comm	licznik_wstrzymanie_alarmow_po_inicjalizacji_100ms,1,1
 610               		.comm	czas_trwania_impulsu_off,4,1
 611               		.comm	czas_trwania_impulsu,4,1
 612               		.comm	stan_logiczny_na_wejsciu,1,1
 613               		.comm	czas_trwania_impulsu_off_na_wejsciu,4,1
 614               		.comm	czas_trwania_impulsu_na_wejsciu,4,1
 615               		.comm	licznik_wejscie,1,1
 616               		.comm	stan_wyjscie,1,1
 617               	.Letext0:
 618               		.file 3 "/opt/homebrew/Cellar/avr-gcc@8/8.5.0_3/avr/include/stdint.h"
 619               		.file 4 "narzedzia.h"
 620               		.file 5 "/opt/homebrew/Cellar/avr-gcc@8/8.5.0_3/lib/avr-gcc/8/gcc/avr/8.5.0/include/stddef.h"
 621               		.file 6 "/opt/homebrew/Cellar/avr-gcc@8/8.5.0_3/avr/include/stdlib.h"
 622               		.file 7 "zapiseeprom.h"
 623               		.file 8 "eeprom_ext.h"
DEFINED SYMBOLS
                            *ABS*:00000000 wewy.c
/var/folders/7g/v_85jvns1ms329sry2jy3vjc0000gn/T//ccCU5vlU.s:2      *ABS*:0000003e __SP_H__
/var/folders/7g/v_85jvns1ms329sry2jy3vjc0000gn/T//ccCU5vlU.s:3      *ABS*:0000003d __SP_L__
/var/folders/7g/v_85jvns1ms329sry2jy3vjc0000gn/T//ccCU5vlU.s:4      *ABS*:0000003f __SREG__
/var/folders/7g/v_85jvns1ms329sry2jy3vjc0000gn/T//ccCU5vlU.s:5      *ABS*:00000000 __tmp_reg__
/var/folders/7g/v_85jvns1ms329sry2jy3vjc0000gn/T//ccCU5vlU.s:6      *ABS*:00000001 __zero_reg__
/var/folders/7g/v_85jvns1ms329sry2jy3vjc0000gn/T//ccCU5vlU.s:12     .text:00000000 aktualny_stan_logiczny_na_wejsciu
/var/folders/7g/v_85jvns1ms329sry2jy3vjc0000gn/T//ccCU5vlU.s:16     .text:00000000 .Loc.0
/var/folders/7g/v_85jvns1ms329sry2jy3vjc0000gn/T//ccCU5vlU.s:17     .text:00000000 L0
/var/folders/7g/v_85jvns1ms329sry2jy3vjc0000gn/T//ccCU5vlU.s:22     .text:00000000 .Loc.1
/var/folders/7g/v_85jvns1ms329sry2jy3vjc0000gn/T//ccCU5vlU.s:26     .text:00000000 .Loc.2
/var/folders/7g/v_85jvns1ms329sry2jy3vjc0000gn/T//ccCU5vlU.s:28     .text:00000000 .Loc.3
/var/folders/7g/v_85jvns1ms329sry2jy3vjc0000gn/T//ccCU5vlU.s:29     .text:00000000 .Loc.4
/var/folders/7g/v_85jvns1ms329sry2jy3vjc0000gn/T//ccCU5vlU.s:32     .text:00000000 .Loc.5
/var/folders/7g/v_85jvns1ms329sry2jy3vjc0000gn/T//ccCU5vlU.s:33     .text:00000000 .Loc.6
/var/folders/7g/v_85jvns1ms329sry2jy3vjc0000gn/T//ccCU5vlU.s:34     .text:00000000 .Loc.7
/var/folders/7g/v_85jvns1ms329sry2jy3vjc0000gn/T//ccCU5vlU.s:37     .text:00000000 .Loc.8
                            *COM*:00000001 licznik_wejscie
/var/folders/7g/v_85jvns1ms329sry2jy3vjc0000gn/T//ccCU5vlU.s:42     .text:00000008 .Loc.9
/var/folders/7g/v_85jvns1ms329sry2jy3vjc0000gn/T//ccCU5vlU.s:47     .text:0000000c .Loc.10
/var/folders/7g/v_85jvns1ms329sry2jy3vjc0000gn/T//ccCU5vlU.s:50     .text:0000000e .Loc.11
/var/folders/7g/v_85jvns1ms329sry2jy3vjc0000gn/T//ccCU5vlU.s:55     .text:00000012 .Loc.12
/var/folders/7g/v_85jvns1ms329sry2jy3vjc0000gn/T//ccCU5vlU.s:57     .text:00000014 L0
/var/folders/7g/v_85jvns1ms329sry2jy3vjc0000gn/T//ccCU5vlU.s:62     .text:00000014 aktualizuj_stan_wyzwolenia_wejsc_100ms
/var/folders/7g/v_85jvns1ms329sry2jy3vjc0000gn/T//ccCU5vlU.s:64     .text:00000014 .Loc.13
/var/folders/7g/v_85jvns1ms329sry2jy3vjc0000gn/T//ccCU5vlU.s:65     .text:00000014 L0
/var/folders/7g/v_85jvns1ms329sry2jy3vjc0000gn/T//ccCU5vlU.s:70     .text:00000014 .Loc.14
/var/folders/7g/v_85jvns1ms329sry2jy3vjc0000gn/T//ccCU5vlU.s:72     .text:00000014 .Loc.15
/var/folders/7g/v_85jvns1ms329sry2jy3vjc0000gn/T//ccCU5vlU.s:74     .text:00000014 .Loc.16
/var/folders/7g/v_85jvns1ms329sry2jy3vjc0000gn/T//ccCU5vlU.s:76     .text:00000014 .Loc.17
/var/folders/7g/v_85jvns1ms329sry2jy3vjc0000gn/T//ccCU5vlU.s:77     .text:00000014 .Loc.18
                            *COM*:00000001 stan_logiczny_na_wejsciu
/var/folders/7g/v_85jvns1ms329sry2jy3vjc0000gn/T//ccCU5vlU.s:82     .text:00000020 .Loc.19
/var/folders/7g/v_85jvns1ms329sry2jy3vjc0000gn/T//ccCU5vlU.s:86     .text:00000020 .Loc.20
/var/folders/7g/v_85jvns1ms329sry2jy3vjc0000gn/T//ccCU5vlU.s:88     .text:00000020 .Loc.21
/var/folders/7g/v_85jvns1ms329sry2jy3vjc0000gn/T//ccCU5vlU.s:91     .text:00000020 .Loc.22
/var/folders/7g/v_85jvns1ms329sry2jy3vjc0000gn/T//ccCU5vlU.s:93     .text:00000020 .Loc.23
/var/folders/7g/v_85jvns1ms329sry2jy3vjc0000gn/T//ccCU5vlU.s:94     .text:00000020 .Loc.24
/var/folders/7g/v_85jvns1ms329sry2jy3vjc0000gn/T//ccCU5vlU.s:98     .text:00000026 .Loc.25
/var/folders/7g/v_85jvns1ms329sry2jy3vjc0000gn/T//ccCU5vlU.s:101    .text:00000026 .Loc.26
/var/folders/7g/v_85jvns1ms329sry2jy3vjc0000gn/T//ccCU5vlU.s:102    .text:00000026 .Loc.27
/var/folders/7g/v_85jvns1ms329sry2jy3vjc0000gn/T//ccCU5vlU.s:103    .text:00000026 .Loc.28
/var/folders/7g/v_85jvns1ms329sry2jy3vjc0000gn/T//ccCU5vlU.s:104    .text:00000026 .Loc.29
/var/folders/7g/v_85jvns1ms329sry2jy3vjc0000gn/T//ccCU5vlU.s:107    .text:00000026 .Loc.30
/var/folders/7g/v_85jvns1ms329sry2jy3vjc0000gn/T//ccCU5vlU.s:108    .text:00000026 .Loc.31
/var/folders/7g/v_85jvns1ms329sry2jy3vjc0000gn/T//ccCU5vlU.s:111    .text:0000002a .Loc.32
/var/folders/7g/v_85jvns1ms329sry2jy3vjc0000gn/T//ccCU5vlU.s:112    .text:0000002a .Loc.33
/var/folders/7g/v_85jvns1ms329sry2jy3vjc0000gn/T//ccCU5vlU.s:115    .text:0000002e .Loc.34
/var/folders/7g/v_85jvns1ms329sry2jy3vjc0000gn/T//ccCU5vlU.s:116    .text:0000002e .Loc.35
                            *COM*:00000004 czas_trwania_impulsu
/var/folders/7g/v_85jvns1ms329sry2jy3vjc0000gn/T//ccCU5vlU.s:122    .text:0000003e .Loc.36
                            *COM*:00000004 czas_trwania_impulsu_na_wejsciu
/var/folders/7g/v_85jvns1ms329sry2jy3vjc0000gn/T//ccCU5vlU.s:127    .text:0000004e .Loc.37
/var/folders/7g/v_85jvns1ms329sry2jy3vjc0000gn/T//ccCU5vlU.s:133    .text:00000058 .Loc.38
/var/folders/7g/v_85jvns1ms329sry2jy3vjc0000gn/T//ccCU5vlU.s:134    .text:00000058 .Loc.39
/var/folders/7g/v_85jvns1ms329sry2jy3vjc0000gn/T//ccCU5vlU.s:138    .text:0000005e .Loc.40
/var/folders/7g/v_85jvns1ms329sry2jy3vjc0000gn/T//ccCU5vlU.s:148    .text:00000078 .Loc.41
/var/folders/7g/v_85jvns1ms329sry2jy3vjc0000gn/T//ccCU5vlU.s:149    .text:00000078 .Loc.42
/var/folders/7g/v_85jvns1ms329sry2jy3vjc0000gn/T//ccCU5vlU.s:153    .text:0000007e .Loc.43
/var/folders/7g/v_85jvns1ms329sry2jy3vjc0000gn/T//ccCU5vlU.s:154    .text:0000007e .Loc.44
/var/folders/7g/v_85jvns1ms329sry2jy3vjc0000gn/T//ccCU5vlU.s:156    .text:00000082 .Loc.45
                            *COM*:00000001 poprzedni_stan_logiczny_na_wejsciu
/var/folders/7g/v_85jvns1ms329sry2jy3vjc0000gn/T//ccCU5vlU.s:160    .text:0000008a .Loc.46
/var/folders/7g/v_85jvns1ms329sry2jy3vjc0000gn/T//ccCU5vlU.s:161    .text:0000008a .Loc.47
/var/folders/7g/v_85jvns1ms329sry2jy3vjc0000gn/T//ccCU5vlU.s:163    .text:0000008e .Loc.48
/var/folders/7g/v_85jvns1ms329sry2jy3vjc0000gn/T//ccCU5vlU.s:164    .text:0000008e .Loc.49
/var/folders/7g/v_85jvns1ms329sry2jy3vjc0000gn/T//ccCU5vlU.s:168    .text:00000096 .Loc.50
/var/folders/7g/v_85jvns1ms329sry2jy3vjc0000gn/T//ccCU5vlU.s:169    .text:00000096 .Loc.51
/var/folders/7g/v_85jvns1ms329sry2jy3vjc0000gn/T//ccCU5vlU.s:172    .text:0000009a .Loc.52
/var/folders/7g/v_85jvns1ms329sry2jy3vjc0000gn/T//ccCU5vlU.s:173    .text:0000009a .Loc.53
/var/folders/7g/v_85jvns1ms329sry2jy3vjc0000gn/T//ccCU5vlU.s:179    .text:000000aa .Loc.54
/var/folders/7g/v_85jvns1ms329sry2jy3vjc0000gn/T//ccCU5vlU.s:180    .text:000000aa .Loc.55
                            *COM*:00000001 licznik_wstrzymanie_alarmow_po_inicjalizacji_100ms
/var/folders/7g/v_85jvns1ms329sry2jy3vjc0000gn/T//ccCU5vlU.s:182    .text:000000ae .Loc.56
/var/folders/7g/v_85jvns1ms329sry2jy3vjc0000gn/T//ccCU5vlU.s:185    .text:000000b2 .Loc.57
/var/folders/7g/v_85jvns1ms329sry2jy3vjc0000gn/T//ccCU5vlU.s:186    .text:000000b2 .Loc.58
/var/folders/7g/v_85jvns1ms329sry2jy3vjc0000gn/T//ccCU5vlU.s:191    .text:000000bc .Loc.59
/var/folders/7g/v_85jvns1ms329sry2jy3vjc0000gn/T//ccCU5vlU.s:193    .text:000000bc .Loc.60
/var/folders/7g/v_85jvns1ms329sry2jy3vjc0000gn/T//ccCU5vlU.s:195    .text:000000bc .Loc.61
/var/folders/7g/v_85jvns1ms329sry2jy3vjc0000gn/T//ccCU5vlU.s:196    .text:000000bc .Loc.62
/var/folders/7g/v_85jvns1ms329sry2jy3vjc0000gn/T//ccCU5vlU.s:202    .text:000000c2 .Loc.63
/var/folders/7g/v_85jvns1ms329sry2jy3vjc0000gn/T//ccCU5vlU.s:208    .text:000000c4 .Loc.64
/var/folders/7g/v_85jvns1ms329sry2jy3vjc0000gn/T//ccCU5vlU.s:209    .text:000000c4 .Loc.65
/var/folders/7g/v_85jvns1ms329sry2jy3vjc0000gn/T//ccCU5vlU.s:216    .text:000000d6 .Loc.66
/var/folders/7g/v_85jvns1ms329sry2jy3vjc0000gn/T//ccCU5vlU.s:217    .text:000000d6 .Loc.67
/var/folders/7g/v_85jvns1ms329sry2jy3vjc0000gn/T//ccCU5vlU.s:220    .text:000000da .Loc.68
/var/folders/7g/v_85jvns1ms329sry2jy3vjc0000gn/T//ccCU5vlU.s:221    .text:000000da .Loc.69
                            *COM*:00000004 czas_trwania_impulsu_off
/var/folders/7g/v_85jvns1ms329sry2jy3vjc0000gn/T//ccCU5vlU.s:227    .text:000000ea .Loc.70
                            *COM*:00000004 czas_trwania_impulsu_off_na_wejsciu
/var/folders/7g/v_85jvns1ms329sry2jy3vjc0000gn/T//ccCU5vlU.s:232    .text:000000fa .Loc.71
/var/folders/7g/v_85jvns1ms329sry2jy3vjc0000gn/T//ccCU5vlU.s:237    .text:00000104 L0
/var/folders/7g/v_85jvns1ms329sry2jy3vjc0000gn/T//ccCU5vlU.s:239    .text:00000106 .Loc.72
/var/folders/7g/v_85jvns1ms329sry2jy3vjc0000gn/T//ccCU5vlU.s:240    .text:00000106 .Loc.73
/var/folders/7g/v_85jvns1ms329sry2jy3vjc0000gn/T//ccCU5vlU.s:244    .text:0000010c .Loc.74
/var/folders/7g/v_85jvns1ms329sry2jy3vjc0000gn/T//ccCU5vlU.s:253    .text:00000126 L0
/var/folders/7g/v_85jvns1ms329sry2jy3vjc0000gn/T//ccCU5vlU.s:255    .text:00000128 .Loc.75
/var/folders/7g/v_85jvns1ms329sry2jy3vjc0000gn/T//ccCU5vlU.s:256    .text:00000128 .Loc.76
/var/folders/7g/v_85jvns1ms329sry2jy3vjc0000gn/T//ccCU5vlU.s:261    .text:0000012e .Loc.77
/var/folders/7g/v_85jvns1ms329sry2jy3vjc0000gn/T//ccCU5vlU.s:262    .text:0000012e .Loc.78
/var/folders/7g/v_85jvns1ms329sry2jy3vjc0000gn/T//ccCU5vlU.s:270    .text:00000140 .Loc.79
/var/folders/7g/v_85jvns1ms329sry2jy3vjc0000gn/T//ccCU5vlU.s:271    .text:00000140 .Loc.80
/var/folders/7g/v_85jvns1ms329sry2jy3vjc0000gn/T//ccCU5vlU.s:279    .text:00000152 L0
/var/folders/7g/v_85jvns1ms329sry2jy3vjc0000gn/T//ccCU5vlU.s:284    .text:00000152 steruj_wejscia_10ms
/var/folders/7g/v_85jvns1ms329sry2jy3vjc0000gn/T//ccCU5vlU.s:286    .text:00000152 .Loc.81
/var/folders/7g/v_85jvns1ms329sry2jy3vjc0000gn/T//ccCU5vlU.s:287    .text:00000152 L0
/var/folders/7g/v_85jvns1ms329sry2jy3vjc0000gn/T//ccCU5vlU.s:292    .text:00000152 .Loc.82
/var/folders/7g/v_85jvns1ms329sry2jy3vjc0000gn/T//ccCU5vlU.s:293    .text:00000152 .Loc.83
/var/folders/7g/v_85jvns1ms329sry2jy3vjc0000gn/T//ccCU5vlU.s:296    .text:00000156 .Loc.84
/var/folders/7g/v_85jvns1ms329sry2jy3vjc0000gn/T//ccCU5vlU.s:298    .text:00000158 .Loc.85
/var/folders/7g/v_85jvns1ms329sry2jy3vjc0000gn/T//ccCU5vlU.s:302    .text:0000015a .Loc.86
/var/folders/7g/v_85jvns1ms329sry2jy3vjc0000gn/T//ccCU5vlU.s:305    .text:0000015c .Loc.87
/var/folders/7g/v_85jvns1ms329sry2jy3vjc0000gn/T//ccCU5vlU.s:307    .text:0000015e .Loc.88
/var/folders/7g/v_85jvns1ms329sry2jy3vjc0000gn/T//ccCU5vlU.s:311    .text:00000160 .Loc.89
/var/folders/7g/v_85jvns1ms329sry2jy3vjc0000gn/T//ccCU5vlU.s:313    .text:00000164 .Loc.90
/var/folders/7g/v_85jvns1ms329sry2jy3vjc0000gn/T//ccCU5vlU.s:315    .text:00000164 .Loc.91
/var/folders/7g/v_85jvns1ms329sry2jy3vjc0000gn/T//ccCU5vlU.s:317    .text:00000166 L0
/var/folders/7g/v_85jvns1ms329sry2jy3vjc0000gn/T//ccCU5vlU.s:322    .text:00000166 steruj_wyjscia_100ms
/var/folders/7g/v_85jvns1ms329sry2jy3vjc0000gn/T//ccCU5vlU.s:324    .text:00000166 .Loc.92
/var/folders/7g/v_85jvns1ms329sry2jy3vjc0000gn/T//ccCU5vlU.s:325    .text:00000166 L0
/var/folders/7g/v_85jvns1ms329sry2jy3vjc0000gn/T//ccCU5vlU.s:346    .text:0000016e .Loc.93
/var/folders/7g/v_85jvns1ms329sry2jy3vjc0000gn/T//ccCU5vlU.s:348    .text:0000016e .Loc.94
/var/folders/7g/v_85jvns1ms329sry2jy3vjc0000gn/T//ccCU5vlU.s:350    .text:0000016e .Loc.95
/var/folders/7g/v_85jvns1ms329sry2jy3vjc0000gn/T//ccCU5vlU.s:351    .text:0000016e .Loc.96
/var/folders/7g/v_85jvns1ms329sry2jy3vjc0000gn/T//ccCU5vlU.s:352    .text:0000016e .Loc.97
                            *COM*:00000004 licznik_przelacznik_wyjscia
                            *COM*:00000001 stan_wyjscie
/var/folders/7g/v_85jvns1ms329sry2jy3vjc0000gn/T//ccCU5vlU.s:358    .text:00000182 .Loc.98
/var/folders/7g/v_85jvns1ms329sry2jy3vjc0000gn/T//ccCU5vlU.s:363    .text:0000018a .Loc.99
/var/folders/7g/v_85jvns1ms329sry2jy3vjc0000gn/T//ccCU5vlU.s:364    .text:0000018a .Loc.100
/var/folders/7g/v_85jvns1ms329sry2jy3vjc0000gn/T//ccCU5vlU.s:368    .text:00000190 .Loc.101
/var/folders/7g/v_85jvns1ms329sry2jy3vjc0000gn/T//ccCU5vlU.s:377    .text:000001a8 .Loc.102
/var/folders/7g/v_85jvns1ms329sry2jy3vjc0000gn/T//ccCU5vlU.s:378    .text:000001a8 .Loc.103
/var/folders/7g/v_85jvns1ms329sry2jy3vjc0000gn/T//ccCU5vlU.s:383    .text:000001ae .Loc.104
/var/folders/7g/v_85jvns1ms329sry2jy3vjc0000gn/T//ccCU5vlU.s:386    .text:000001b2 .Loc.105
/var/folders/7g/v_85jvns1ms329sry2jy3vjc0000gn/T//ccCU5vlU.s:388    .text:000001b2 .Loc.106
/var/folders/7g/v_85jvns1ms329sry2jy3vjc0000gn/T//ccCU5vlU.s:390    .text:000001b2 .Loc.107
/var/folders/7g/v_85jvns1ms329sry2jy3vjc0000gn/T//ccCU5vlU.s:391    .text:000001b2 .Loc.108
/var/folders/7g/v_85jvns1ms329sry2jy3vjc0000gn/T//ccCU5vlU.s:394    .text:000001ba L0
/var/folders/7g/v_85jvns1ms329sry2jy3vjc0000gn/T//ccCU5vlU.s:396    .text:000001bc .Loc.109
                             .bss:00000000 poprzedni_stan_wyjscia_0
/var/folders/7g/v_85jvns1ms329sry2jy3vjc0000gn/T//ccCU5vlU.s:400    .text:000001c4 .Loc.110
/var/folders/7g/v_85jvns1ms329sry2jy3vjc0000gn/T//ccCU5vlU.s:401    .text:000001c4 .Loc.111
/var/folders/7g/v_85jvns1ms329sry2jy3vjc0000gn/T//ccCU5vlU.s:406    .text:000001d4 .Loc.112
/var/folders/7g/v_85jvns1ms329sry2jy3vjc0000gn/T//ccCU5vlU.s:413    .text:000001e0 .Loc.113
/var/folders/7g/v_85jvns1ms329sry2jy3vjc0000gn/T//ccCU5vlU.s:414    .text:000001e0 .Loc.114
/var/folders/7g/v_85jvns1ms329sry2jy3vjc0000gn/T//ccCU5vlU.s:424    .text:000001fa .Loc.115
/var/folders/7g/v_85jvns1ms329sry2jy3vjc0000gn/T//ccCU5vlU.s:425    .text:000001fa .Loc.116
/var/folders/7g/v_85jvns1ms329sry2jy3vjc0000gn/T//ccCU5vlU.s:433    .text:0000020a .Loc.117
/var/folders/7g/v_85jvns1ms329sry2jy3vjc0000gn/T//ccCU5vlU.s:438    .text:00000212 .Loc.118
/var/folders/7g/v_85jvns1ms329sry2jy3vjc0000gn/T//ccCU5vlU.s:444    .text:0000021c .Loc.119
/var/folders/7g/v_85jvns1ms329sry2jy3vjc0000gn/T//ccCU5vlU.s:450    .text:00000228 .Loc.120
/var/folders/7g/v_85jvns1ms329sry2jy3vjc0000gn/T//ccCU5vlU.s:456    .text:00000234 .Loc.121
/var/folders/7g/v_85jvns1ms329sry2jy3vjc0000gn/T//ccCU5vlU.s:463    .text:00000240 .Loc.122
/var/folders/7g/v_85jvns1ms329sry2jy3vjc0000gn/T//ccCU5vlU.s:464    .text:00000240 .Loc.123
/var/folders/7g/v_85jvns1ms329sry2jy3vjc0000gn/T//ccCU5vlU.s:466    .text:00000244 .Loc.124
/var/folders/7g/v_85jvns1ms329sry2jy3vjc0000gn/T//ccCU5vlU.s:468    .text:00000248 .Loc.125
/var/folders/7g/v_85jvns1ms329sry2jy3vjc0000gn/T//ccCU5vlU.s:469    .text:00000248 .Loc.126
/var/folders/7g/v_85jvns1ms329sry2jy3vjc0000gn/T//ccCU5vlU.s:472    .text:0000024c .Loc.127
/var/folders/7g/v_85jvns1ms329sry2jy3vjc0000gn/T//ccCU5vlU.s:473    .text:0000024c .Loc.128
/var/folders/7g/v_85jvns1ms329sry2jy3vjc0000gn/T//ccCU5vlU.s:484    .text:00000266 .Loc.129
/var/folders/7g/v_85jvns1ms329sry2jy3vjc0000gn/T//ccCU5vlU.s:486    .text:00000268 .Loc.130
/var/folders/7g/v_85jvns1ms329sry2jy3vjc0000gn/T//ccCU5vlU.s:489    .text:0000026a .Loc.131
/var/folders/7g/v_85jvns1ms329sry2jy3vjc0000gn/T//ccCU5vlU.s:493    .text:0000026c .Loc.132
/var/folders/7g/v_85jvns1ms329sry2jy3vjc0000gn/T//ccCU5vlU.s:499    .text:00000276 L0
/var/folders/7g/v_85jvns1ms329sry2jy3vjc0000gn/T//ccCU5vlU.s:504    .text:00000276 kopiuj_parametry_we_wy_z_eeprom
/var/folders/7g/v_85jvns1ms329sry2jy3vjc0000gn/T//ccCU5vlU.s:506    .text:00000276 .Loc.133
/var/folders/7g/v_85jvns1ms329sry2jy3vjc0000gn/T//ccCU5vlU.s:507    .text:00000276 L0
/var/folders/7g/v_85jvns1ms329sry2jy3vjc0000gn/T//ccCU5vlU.s:512    .text:00000276 .Loc.134
/var/folders/7g/v_85jvns1ms329sry2jy3vjc0000gn/T//ccCU5vlU.s:513    .text:00000276 .Loc.135
/var/folders/7g/v_85jvns1ms329sry2jy3vjc0000gn/T//ccCU5vlU.s:522    .text:0000028e .Loc.136
/var/folders/7g/v_85jvns1ms329sry2jy3vjc0000gn/T//ccCU5vlU.s:527    .text:0000029e .Loc.137
/var/folders/7g/v_85jvns1ms329sry2jy3vjc0000gn/T//ccCU5vlU.s:528    .text:0000029e .Loc.138
/var/folders/7g/v_85jvns1ms329sry2jy3vjc0000gn/T//ccCU5vlU.s:533    .text:000002a6 .Loc.139
/var/folders/7g/v_85jvns1ms329sry2jy3vjc0000gn/T//ccCU5vlU.s:534    .text:000002a6 .Loc.140
/var/folders/7g/v_85jvns1ms329sry2jy3vjc0000gn/T//ccCU5vlU.s:541    .text:000002b2 .Loc.141
/var/folders/7g/v_85jvns1ms329sry2jy3vjc0000gn/T//ccCU5vlU.s:548    .text:000002c4 .Loc.142
/var/folders/7g/v_85jvns1ms329sry2jy3vjc0000gn/T//ccCU5vlU.s:549    .text:000002c4 .Loc.143
/var/folders/7g/v_85jvns1ms329sry2jy3vjc0000gn/T//ccCU5vlU.s:555    .text:000002d4 .Loc.144
/var/folders/7g/v_85jvns1ms329sry2jy3vjc0000gn/T//ccCU5vlU.s:557    .text:000002d6 L0
/var/folders/7g/v_85jvns1ms329sry2jy3vjc0000gn/T//ccCU5vlU.s:562    .text:000002d6 inicjalizuj_parametry_we_wy
/var/folders/7g/v_85jvns1ms329sry2jy3vjc0000gn/T//ccCU5vlU.s:564    .text:000002d6 .Loc.145
/var/folders/7g/v_85jvns1ms329sry2jy3vjc0000gn/T//ccCU5vlU.s:565    .text:000002d6 L0
/var/folders/7g/v_85jvns1ms329sry2jy3vjc0000gn/T//ccCU5vlU.s:570    .text:000002d6 .Loc.146
/var/folders/7g/v_85jvns1ms329sry2jy3vjc0000gn/T//ccCU5vlU.s:572    .text:000002d6 .Loc.147
/var/folders/7g/v_85jvns1ms329sry2jy3vjc0000gn/T//ccCU5vlU.s:574    .text:000002d6 .Loc.148
/var/folders/7g/v_85jvns1ms329sry2jy3vjc0000gn/T//ccCU5vlU.s:575    .text:000002d6 .Loc.149
/var/folders/7g/v_85jvns1ms329sry2jy3vjc0000gn/T//ccCU5vlU.s:576    .text:000002d6 .Loc.150
/var/folders/7g/v_85jvns1ms329sry2jy3vjc0000gn/T//ccCU5vlU.s:578    .text:000002da .Loc.151
/var/folders/7g/v_85jvns1ms329sry2jy3vjc0000gn/T//ccCU5vlU.s:580    .text:000002da .Loc.152
/var/folders/7g/v_85jvns1ms329sry2jy3vjc0000gn/T//ccCU5vlU.s:581    .text:000002da .Loc.153
/var/folders/7g/v_85jvns1ms329sry2jy3vjc0000gn/T//ccCU5vlU.s:584    .text:000002da .Loc.154
/var/folders/7g/v_85jvns1ms329sry2jy3vjc0000gn/T//ccCU5vlU.s:585    .text:000002da .Loc.155
/var/folders/7g/v_85jvns1ms329sry2jy3vjc0000gn/T//ccCU5vlU.s:586    .text:000002da .Loc.156
/var/folders/7g/v_85jvns1ms329sry2jy3vjc0000gn/T//ccCU5vlU.s:591    .text:000002ea .Loc.157
/var/folders/7g/v_85jvns1ms329sry2jy3vjc0000gn/T//ccCU5vlU.s:593    .text:000002ea .Loc.158
/var/folders/7g/v_85jvns1ms329sry2jy3vjc0000gn/T//ccCU5vlU.s:595    .text:000002ea .Loc.159
/var/folders/7g/v_85jvns1ms329sry2jy3vjc0000gn/T//ccCU5vlU.s:596    .text:000002ea .Loc.160
/var/folders/7g/v_85jvns1ms329sry2jy3vjc0000gn/T//ccCU5vlU.s:600    .text:000002f0 .Loc.161
/var/folders/7g/v_85jvns1ms329sry2jy3vjc0000gn/T//ccCU5vlU.s:602    .text:000002f2 L0
/var/folders/7g/v_85jvns1ms329sry2jy3vjc0000gn/T//ccCU5vlU.s:624    .text:000002f2 L0
                     .debug_frame:00000000 L0
/var/folders/7g/v_85jvns1ms329sry2jy3vjc0000gn/T//ccCU5vlU.s:53     .text:00000012 .L2
/var/folders/7g/v_85jvns1ms329sry2jy3vjc0000gn/T//ccCU5vlU.s:215    .text:000000d6 .L7
/var/folders/7g/v_85jvns1ms329sry2jy3vjc0000gn/T//ccCU5vlU.s:205    .text:000000c4 .L8
/var/folders/7g/v_85jvns1ms329sry2jy3vjc0000gn/T//ccCU5vlU.s:152    .text:0000007e .L10
/var/folders/7g/v_85jvns1ms329sry2jy3vjc0000gn/T//ccCU5vlU.s:178    .text:000000aa .L13
/var/folders/7g/v_85jvns1ms329sry2jy3vjc0000gn/T//ccCU5vlU.s:269    .text:00000140 .L14
/var/folders/7g/v_85jvns1ms329sry2jy3vjc0000gn/T//ccCU5vlU.s:200    .text:000000c2 .L6
/var/folders/7g/v_85jvns1ms329sry2jy3vjc0000gn/T//ccCU5vlU.s:260    .text:0000012e .L12
/var/folders/7g/v_85jvns1ms329sry2jy3vjc0000gn/T//ccCU5vlU.s:387    .text:000001b2 .L27
/var/folders/7g/v_85jvns1ms329sry2jy3vjc0000gn/T//ccCU5vlU.s:462    .text:00000240 .L31
/var/folders/7g/v_85jvns1ms329sry2jy3vjc0000gn/T//ccCU5vlU.s:483    .text:00000266 .L33
/var/folders/7g/v_85jvns1ms329sry2jy3vjc0000gn/T//ccCU5vlU.s:488    .text:0000026a .L34
/var/folders/7g/v_85jvns1ms329sry2jy3vjc0000gn/T//ccCU5vlU.s:491    .text:0000026c .L25
/var/folders/7g/v_85jvns1ms329sry2jy3vjc0000gn/T//ccCU5vlU.s:547    .text:000002c4 .L43
/var/folders/7g/v_85jvns1ms329sry2jy3vjc0000gn/T//ccCU5vlU.s:1330   .debug_abbrev:00000000 .Ldebug_abbrev0
/var/folders/7g/v_85jvns1ms329sry2jy3vjc0000gn/T//ccCU5vlU.s:2263   .debug_ranges:00000000 .Ldebug_ranges0
/var/folders/7g/v_85jvns1ms329sry2jy3vjc0000gn/T//ccCU5vlU.s:2281   .debug_line:00000000 .Ldebug_line0
/var/folders/7g/v_85jvns1ms329sry2jy3vjc0000gn/T//ccCU5vlU.s:563    .text:000002d6 .LFB10
/var/folders/7g/v_85jvns1ms329sry2jy3vjc0000gn/T//ccCU5vlU.s:603    .text:000002f2 .LFE10
/var/folders/7g/v_85jvns1ms329sry2jy3vjc0000gn/T//ccCU5vlU.s:571    .text:000002d6 .LBB23
/var/folders/7g/v_85jvns1ms329sry2jy3vjc0000gn/T//ccCU5vlU.s:582    .text:000002da .LBE23
/var/folders/7g/v_85jvns1ms329sry2jy3vjc0000gn/T//ccCU5vlU.s:1849   .debug_loc:00000004 .LLST11
/var/folders/7g/v_85jvns1ms329sry2jy3vjc0000gn/T//ccCU5vlU.s:1844   .debug_loc:00000000 .LVUS11
/var/folders/7g/v_85jvns1ms329sry2jy3vjc0000gn/T//ccCU5vlU.s:583    .text:000002da .LBB24
/var/folders/7g/v_85jvns1ms329sry2jy3vjc0000gn/T//ccCU5vlU.s:594    .text:000002ea .LBE24
/var/folders/7g/v_85jvns1ms329sry2jy3vjc0000gn/T//ccCU5vlU.s:1867   .debug_loc:00000028 .LLST12
/var/folders/7g/v_85jvns1ms329sry2jy3vjc0000gn/T//ccCU5vlU.s:1862   .debug_loc:00000024 .LVUS12
/var/folders/7g/v_85jvns1ms329sry2jy3vjc0000gn/T//ccCU5vlU.s:505    .text:00000276 .LFB9
/var/folders/7g/v_85jvns1ms329sry2jy3vjc0000gn/T//ccCU5vlU.s:558    .text:000002d6 .LFE9
/var/folders/7g/v_85jvns1ms329sry2jy3vjc0000gn/T//ccCU5vlU.s:532    .text:000002a6 .LVL22
/var/folders/7g/v_85jvns1ms329sry2jy3vjc0000gn/T//ccCU5vlU.s:323    .text:00000166 .LFB8
/var/folders/7g/v_85jvns1ms329sry2jy3vjc0000gn/T//ccCU5vlU.s:500    .text:00000276 .LFE8
/var/folders/7g/v_85jvns1ms329sry2jy3vjc0000gn/T//ccCU5vlU.s:1880   .debug_loc:00000048 .LLST9
/var/folders/7g/v_85jvns1ms329sry2jy3vjc0000gn/T//ccCU5vlU.s:347    .text:0000016e .LBB22
/var/folders/7g/v_85jvns1ms329sry2jy3vjc0000gn/T//ccCU5vlU.s:389    .text:000001b2 .LBE22
/var/folders/7g/v_85jvns1ms329sry2jy3vjc0000gn/T//ccCU5vlU.s:1918   .debug_loc:00000095 .LLST10
/var/folders/7g/v_85jvns1ms329sry2jy3vjc0000gn/T//ccCU5vlU.s:1913   .debug_loc:00000091 .LVUS10
/var/folders/7g/v_85jvns1ms329sry2jy3vjc0000gn/T//ccCU5vlU.s:443    .text:0000021c .LVL18
/var/folders/7g/v_85jvns1ms329sry2jy3vjc0000gn/T//ccCU5vlU.s:449    .text:00000228 .LVL19
/var/folders/7g/v_85jvns1ms329sry2jy3vjc0000gn/T//ccCU5vlU.s:455    .text:00000234 .LVL20
/var/folders/7g/v_85jvns1ms329sry2jy3vjc0000gn/T//ccCU5vlU.s:461    .text:00000240 .LVL21
/var/folders/7g/v_85jvns1ms329sry2jy3vjc0000gn/T//ccCU5vlU.s:285    .text:00000152 .LFB7
/var/folders/7g/v_85jvns1ms329sry2jy3vjc0000gn/T//ccCU5vlU.s:318    .text:00000166 .LFE7
/var/folders/7g/v_85jvns1ms329sry2jy3vjc0000gn/T//ccCU5vlU.s:1934   .debug_loc:000000b7 .LLST8
/var/folders/7g/v_85jvns1ms329sry2jy3vjc0000gn/T//ccCU5vlU.s:1931   .debug_loc:000000b5 .LVUS8
/var/folders/7g/v_85jvns1ms329sry2jy3vjc0000gn/T//ccCU5vlU.s:63     .text:00000014 .LFB6
/var/folders/7g/v_85jvns1ms329sry2jy3vjc0000gn/T//ccCU5vlU.s:280    .text:00000152 .LFE6
/var/folders/7g/v_85jvns1ms329sry2jy3vjc0000gn/T//ccCU5vlU.s:1948   .debug_loc:000000d0 .LLST3
/var/folders/7g/v_85jvns1ms329sry2jy3vjc0000gn/T//ccCU5vlU.s:1941   .debug_loc:000000ca .LVUS3
/var/folders/7g/v_85jvns1ms329sry2jy3vjc0000gn/T//ccCU5vlU.s:1979   .debug_loc:00000108 .LLST4
/var/folders/7g/v_85jvns1ms329sry2jy3vjc0000gn/T//ccCU5vlU.s:1966   .debug_loc:000000fc .LVUS4
/var/folders/7g/v_85jvns1ms329sry2jy3vjc0000gn/T//ccCU5vlU.s:85     .text:00000020 .LBI16
/var/folders/7g/v_85jvns1ms329sry2jy3vjc0000gn/T//ccCU5vlU.s:84     .text:00000020 .LBB16
/var/folders/7g/v_85jvns1ms329sry2jy3vjc0000gn/T//ccCU5vlU.s:106    .text:00000026 .LBE16
/var/folders/7g/v_85jvns1ms329sry2jy3vjc0000gn/T//ccCU5vlU.s:2060   .debug_loc:00000190 .LLST5
/var/folders/7g/v_85jvns1ms329sry2jy3vjc0000gn/T//ccCU5vlU.s:2057   .debug_loc:0000018e .LVUS5
/var/folders/7g/v_85jvns1ms329sry2jy3vjc0000gn/T//ccCU5vlU.s:87     .text:00000020 .LBB17
/var/folders/7g/v_85jvns1ms329sry2jy3vjc0000gn/T//ccCU5vlU.s:105    .text:00000026 .LBE17
/var/folders/7g/v_85jvns1ms329sry2jy3vjc0000gn/T//ccCU5vlU.s:2081   .debug_loc:000001b0 .LLST6
/var/folders/7g/v_85jvns1ms329sry2jy3vjc0000gn/T//ccCU5vlU.s:2068   .debug_loc:000001a4 .LVUS6
/var/folders/7g/v_85jvns1ms329sry2jy3vjc0000gn/T//ccCU5vlU.s:90     .text:00000020 .LBI18
/var/folders/7g/v_85jvns1ms329sry2jy3vjc0000gn/T//ccCU5vlU.s:89     .text:00000020 .LBB18
/var/folders/7g/v_85jvns1ms329sry2jy3vjc0000gn/T//ccCU5vlU.s:100    .text:00000026 .LBE18
/var/folders/7g/v_85jvns1ms329sry2jy3vjc0000gn/T//ccCU5vlU.s:2162   .debug_loc:00000238 .LLST7
/var/folders/7g/v_85jvns1ms329sry2jy3vjc0000gn/T//ccCU5vlU.s:2159   .debug_loc:00000236 .LVUS7
/var/folders/7g/v_85jvns1ms329sry2jy3vjc0000gn/T//ccCU5vlU.s:14     .text:00000000 .LFB5
/var/folders/7g/v_85jvns1ms329sry2jy3vjc0000gn/T//ccCU5vlU.s:58     .text:00000014 .LFE5
/var/folders/7g/v_85jvns1ms329sry2jy3vjc0000gn/T//ccCU5vlU.s:2175   .debug_loc:00000250 .LLST0
/var/folders/7g/v_85jvns1ms329sry2jy3vjc0000gn/T//ccCU5vlU.s:2170   .debug_loc:0000024c .LVUS0
/var/folders/7g/v_85jvns1ms329sry2jy3vjc0000gn/T//ccCU5vlU.s:2194   .debug_loc:00000275 .LLST1
/var/folders/7g/v_85jvns1ms329sry2jy3vjc0000gn/T//ccCU5vlU.s:2189   .debug_loc:00000271 .LVUS1
/var/folders/7g/v_85jvns1ms329sry2jy3vjc0000gn/T//ccCU5vlU.s:24     .text:00000000 .LBI10
/var/folders/7g/v_85jvns1ms329sry2jy3vjc0000gn/T//ccCU5vlU.s:2243   .debug_loc:000002be .LLST2
/var/folders/7g/v_85jvns1ms329sry2jy3vjc0000gn/T//ccCU5vlU.s:2240   .debug_loc:000002bc .LVUS2
/var/folders/7g/v_85jvns1ms329sry2jy3vjc0000gn/T//ccCU5vlU.s:573    .text:000002d6 .LVL23
/var/folders/7g/v_85jvns1ms329sry2jy3vjc0000gn/T//ccCU5vlU.s:579    .text:000002da .LVL24
/var/folders/7g/v_85jvns1ms329sry2jy3vjc0000gn/T//ccCU5vlU.s:592    .text:000002ea .LVL25
/var/folders/7g/v_85jvns1ms329sry2jy3vjc0000gn/T//ccCU5vlU.s:327    .text:00000168 .LCFI0
/var/folders/7g/v_85jvns1ms329sry2jy3vjc0000gn/T//ccCU5vlU.s:331    .text:0000016a .LCFI1
/var/folders/7g/v_85jvns1ms329sry2jy3vjc0000gn/T//ccCU5vlU.s:335    .text:0000016c .LCFI2
/var/folders/7g/v_85jvns1ms329sry2jy3vjc0000gn/T//ccCU5vlU.s:339    .text:0000016e .LCFI3
/var/folders/7g/v_85jvns1ms329sry2jy3vjc0000gn/T//ccCU5vlU.s:349    .text:0000016e .LVL16
/var/folders/7g/v_85jvns1ms329sry2jy3vjc0000gn/T//ccCU5vlU.s:385    .text:000001b2 .LVL17
/var/folders/7g/v_85jvns1ms329sry2jy3vjc0000gn/T//ccCU5vlU.s:295    .text:00000156 .LVL12
/var/folders/7g/v_85jvns1ms329sry2jy3vjc0000gn/T//ccCU5vlU.s:73     .text:00000014 .LVL2
/var/folders/7g/v_85jvns1ms329sry2jy3vjc0000gn/T//ccCU5vlU.s:190    .text:000000bc .LVL6
/var/folders/7g/v_85jvns1ms329sry2jy3vjc0000gn/T//ccCU5vlU.s:199    .text:000000c2 .LVL7
/var/folders/7g/v_85jvns1ms329sry2jy3vjc0000gn/T//ccCU5vlU.s:204    .text:000000c4 .LVL8
/var/folders/7g/v_85jvns1ms329sry2jy3vjc0000gn/T//ccCU5vlU.s:97     .text:00000026 .LVL4
/var/folders/7g/v_85jvns1ms329sry2jy3vjc0000gn/T//ccCU5vlU.s:121    .text:0000003e .LVL5
/var/folders/7g/v_85jvns1ms329sry2jy3vjc0000gn/T//ccCU5vlU.s:226    .text:000000ea .LVL9
/var/folders/7g/v_85jvns1ms329sry2jy3vjc0000gn/T//ccCU5vlU.s:259    .text:0000012e .LVL10
/var/folders/7g/v_85jvns1ms329sry2jy3vjc0000gn/T//ccCU5vlU.s:268    .text:00000140 .LVL11
/var/folders/7g/v_85jvns1ms329sry2jy3vjc0000gn/T//ccCU5vlU.s:83     .text:00000020 .LVL3
/var/folders/7g/v_85jvns1ms329sry2jy3vjc0000gn/T//ccCU5vlU.s:13     .text:00000000 .LVL0
/var/folders/7g/v_85jvns1ms329sry2jy3vjc0000gn/T//ccCU5vlU.s:49     .text:0000000e .LVL1
/var/folders/7g/v_85jvns1ms329sry2jy3vjc0000gn/T//ccCU5vlU.s:625    .debug_info:00000000 .Ldebug_info0
/var/folders/7g/v_85jvns1ms329sry2jy3vjc0000gn/T//ccCU5vlU.s:8      .text:00000000 .Ltext0
/var/folders/7g/v_85jvns1ms329sry2jy3vjc0000gn/T//ccCU5vlU.s:617    .text:000002f2 .Letext0
/var/folders/7g/v_85jvns1ms329sry2jy3vjc0000gn/T//ccCU5vlU.s:23     .text:00000000 .LBB10
/var/folders/7g/v_85jvns1ms329sry2jy3vjc0000gn/T//ccCU5vlU.s:31     .text:00000000 .LBE10
/var/folders/7g/v_85jvns1ms329sry2jy3vjc0000gn/T//ccCU5vlU.s:35     .text:00000000 .LBB13
/var/folders/7g/v_85jvns1ms329sry2jy3vjc0000gn/T//ccCU5vlU.s:46     .text:0000000c .LBE13
/var/folders/7g/v_85jvns1ms329sry2jy3vjc0000gn/T//ccCU5vlU.s:71     .text:00000014 .LBB14
/var/folders/7g/v_85jvns1ms329sry2jy3vjc0000gn/T//ccCU5vlU.s:194    .text:000000bc .LBE14
/var/folders/7g/v_85jvns1ms329sry2jy3vjc0000gn/T//ccCU5vlU.s:206    .text:000000c4 .LBB21
/var/folders/7g/v_85jvns1ms329sry2jy3vjc0000gn/T//ccCU5vlU.s:278    .text:00000152 .LBE21

UNDEFINED SYMBOLS
licznik_cykli_przekaznika
__udivmodsi4
zapisz_znak_w_eeprom
eeprom_read_dword
__do_clear_bss
